<?xml version="1.0" encoding="UTF-8"?>
<!-- Generated by org.testng.reporters.JUnitXMLReporter -->
<testsuite ignored="0" hostname="EC2AMAZ-8KL45D2" failures="0" tests="24" name="Test" time="52.109" errors="0" timestamp="2024-09-27T03:18:25 UTC">
  <testcase classname="com.WebOrder.WebOrder_Login_TCs" name="login_to_app" time="2.203"/>
  <testcase classname="com.WebOrder.WebOrder_Login_TCs" name="login_to_app" time="0.419"/>
  <testcase classname="com.WebOrder.createOrder_All_TCs" name="create_order" time="1.019"/>
  <testcase classname="com.WebOrder.WebOrder_Login_TCs" name="login_to_app" time="0.427"/>
  <testcase classname="com.WebOrder.WebOrder_Login_TCs" name="login_to_app" time="0.406"/>
  <testcase classname="com.WebOrder.WebOrder_Login_TCs" name="login_to_app" time="0.459"/>
  <testcase classname="com.WebOrder.createOrder_All_TCs" name="create_order" time="0.993"/>
  <testcase classname="com.WebOrder.createOrder_All_TCs" name="create_order" time="0.897"/>
  <testcase classname="com.WebOrder.WebOrder_Login_GetText" name="login" time="4.68"/>
  <testcase classname="com.WebOrder.createOrder_All_TCs" name="create_order" time="1.015"/>
  <testcase classname="com.WebOrder.WebOrder_Login_GetText" name="logout" time="2.28"/>
  <testcase classname="com.WebOrder.createOrder_All_TCs" name="create_order" time="0.885"/>
  <testcase classname="com.WebOrder.WebOrder_uniqueName" name="login_to_app" time="0.897"/>
  <testcase classname="com.WebOrder.createOrder_All_TCs" name="create_order" time="0.949"/>
  <testcase classname="com.WebOrder.createOrder_All_TCs" name="create_order" time="0.963"/>
  <testcase classname="com.WebOrder.WebOrder_uniqueName" name="create_Order" time="6.663"/>
  <testcase classname="com.WebOrder.createOrder_All_TCs" name="create_order" time="0.857"/>
  <testcase classname="com.WebOrder.createOrder_All_TCs" name="create_order" time="0.828"/>
  <testcase classname="com.WebOrder.createOrder_All_TCs" name="create_order" time="0.886"/>
  <testcase classname="com.WebOrder.createOrder_All_TCs" name="create_order" time="0.955"/>
  <testcase classname="com.WebOrder.createOrder_All_TCs" name="create_order" time="0.963"/>
  <testcase classname="com.WebOrder.createOrder_All_TCs" name="create_order" time="0.902"/>
  <testcase classname="com.WebOrder.createOrder_All_TCs" name="create_order" time="1.009"/>
  <testcase classname="com.WebOrder.createOrder_All_TCs" name="create_order" time="1.051"/>
</testsuite> <!-- Test -->
