<?xml version="1.0" encoding="UTF-8"?>
<testng-results ignored="0" total="2" passed="2" failed="0" skipped="0">
  <reporter-output>
  </reporter-output>
  <suite started-at="2024-10-10T03:36:18 UTC" name="Default suite" finished-at="2024-10-10T03:36:27 UTC" duration-ms="8879">
    <groups>
    </groups>
    <test started-at="2024-10-10T03:36:18 UTC" name="Default test" finished-at="2024-10-10T03:36:27 UTC" duration-ms="8879">
      <class name="com.assignments.notesAssigment">
        <test-method signature="login_to_app()[pri:0, instance:com.assignments.notesAssigment@323b36e0]" started-at="2024-10-10T03:36:18 UTC" name="login_to_app" finished-at="2024-10-10T03:36:27 UTC" duration-ms="8693" status="PASS">
          <reporter-output>
          </reporter-output>
        </test-method> <!-- login_to_app -->
        <test-method signature="delete()[pri:2, instance:com.assignments.notesAssigment@323b36e0]" started-at="2024-10-10T03:36:27 UTC" name="delete" finished-at="2024-10-10T03:36:27 UTC" duration-ms="32" status="PASS">
          <reporter-output>
          </reporter-output>
        </test-method> <!-- delete -->
        <test-method is-config="true" signature="post_condition()[pri:0, instance:com.assignments.notesAssigment@323b36e0]" started-at="2024-10-10T03:36:27 UTC" name="post_condition" finished-at="2024-10-10T03:36:27 UTC" duration-ms="113" status="PASS">
          <reporter-output>
          </reporter-output>
        </test-method> <!-- post_condition -->
      </class> <!-- com.assignments.notesAssigment -->
    </test> <!-- Default test -->
  </suite> <!-- Default suite -->
</testng-results>
