<?xml version="1.0" encoding="UTF-8"?>
<!-- Generated by org.testng.reporters.JUnitXMLReporter -->
<testsuite ignored="0" hostname="EC2AMAZ-8KL45D2" failures="0" tests="5" name="ChromeTest" time="6.627" errors="0" timestamp="2024-09-25T04:37:08 UTC">
  <testcase classname="com.WebOrder.cross_browser_test_using_baseClass_multiData" name="login_to_app" time="2.38"/>
  <testcase classname="com.WebOrder.cross_browser_test_using_baseClass_multiData" name="login_to_app" time="0.479"/>
  <testcase classname="com.WebOrder.cross_browser_test_using_baseClass_multiData" name="login_to_app" time="0.441"/>
  <testcase classname="com.WebOrder.cross_browser_test_using_baseClass_multiData" name="login_to_app" time="0.497"/>
  <testcase classname="com.WebOrder.cross_browser_test_using_baseClass_multiData" name="login_to_app" time="0.444"/>
</testsuite> <!-- ChromeTest -->
