<?xml version="1.0" encoding="UTF-8"?>
<!-- Generated by org.testng.reporters.JUnitXMLReporter -->
<testsuite ignored="0" hostname="EC2AMAZ-8KL45D2" failures="0" tests="5" name="FirefoxTest" time="8.096" errors="0" timestamp="2024-09-25T04:37:10 UTC">
  <testcase classname="com.WebOrder.cross_browser_test_using_baseClass_multiData" name="login_to_app" time="3.045"/>
  <testcase classname="com.WebOrder.cross_browser_test_using_baseClass_multiData" name="login_to_app" time="0.184"/>
  <testcase classname="com.WebOrder.cross_browser_test_using_baseClass_multiData" name="login_to_app" time="0.157"/>
  <testcase classname="com.WebOrder.cross_browser_test_using_baseClass_multiData" name="login_to_app" time="0.117"/>
  <testcase classname="com.WebOrder.cross_browser_test_using_baseClass_multiData" name="login_to_app" time="0.113"/>
</testsuite> <!-- FirefoxTest -->
